{"version":8,"type":"context-options","origin":"library","browserName":"","playwrightVersion":"1.57.0","options":{},"platform":"win32","wallTime":1768397937424,"monotonicTime":129647.41,"sdkLanguage":"javascript","contextId":"request-context@f7d4480a5498fded10e7f007bfc3b0de","title":"labor-timekeeper.spec.cjs:147 › Labor Timekeeper - API Endpoints (No Auth) › GET /api/time-entries works with employee_id"}
{"type":"before","callId":"call@271","startTime":129649.503,"class":"APIRequestContext","method":"fetch","params":{"url":"http://localhost:3000/api/employees","method":"GET","timeout":0},"stepId":"pw:api@28","beforeSnapshot":"before@call@271"}
{"type":"log","callId":"call@271","time":129650.281,"message":"→ GET http://localhost:3000/api/employees"}
{"type":"log","callId":"call@271","time":129650.297,"message":"  user-agent: Playwright/1.57.0 (x64; windows 10.0) node/22.19"}
{"type":"log","callId":"call@271","time":129650.303,"message":"  accept: */*"}
{"type":"log","callId":"call@271","time":129650.308,"message":"  accept-encoding: gzip,deflate,br"}
{"type":"log","callId":"call@271","time":129654.377,"message":"← 200 OK"}
{"type":"log","callId":"call@271","time":129654.393,"message":"  cross-origin-opener-policy: same-origin"}
{"type":"log","callId":"call@271","time":129654.401,"message":"  cross-origin-resource-policy: same-origin"}
{"type":"log","callId":"call@271","time":129654.406,"message":"  origin-agent-cluster: ?1"}
{"type":"log","callId":"call@271","time":129654.411,"message":"  referrer-policy: no-referrer"}
{"type":"log","callId":"call@271","time":129654.416,"message":"  strict-transport-security: max-age=15552000; includeSubDomains"}
{"type":"log","callId":"call@271","time":129654.421,"message":"  x-content-type-options: nosniff"}
{"type":"log","callId":"call@271","time":129654.425,"message":"  x-dns-prefetch-control: off"}
{"type":"log","callId":"call@271","time":129654.429,"message":"  x-download-options: noopen"}
{"type":"log","callId":"call@271","time":129654.433,"message":"  x-frame-options: SAMEORIGIN"}
{"type":"log","callId":"call@271","time":129654.436,"message":"  x-permitted-cross-domain-policies: none"}
{"type":"log","callId":"call@271","time":129654.439,"message":"  x-xss-protection: 0"}
{"type":"log","callId":"call@271","time":129654.442,"message":"  content-type: application/json; charset=utf-8"}
{"type":"log","callId":"call@271","time":129654.445,"message":"  content-length: 611"}
{"type":"log","callId":"call@271","time":129654.449,"message":"  etag: W/\"263-sog9yrMIVfqui4uilO4aDVaQ4NI\""}
{"type":"log","callId":"call@271","time":129654.452,"message":"  date: Wed, 14 Jan 2026 13:38:57 GMT"}
{"type":"log","callId":"call@271","time":129654.455,"message":"  connection: keep-alive"}
{"type":"log","callId":"call@271","time":129654.459,"message":"  keep-alive: timeout=5"}
{"type":"after","callId":"call@271","endTime":129654.582,"result":{"response":{"url":"http://localhost:3000/api/employees","status":200,"statusText":"OK","headers":[{"name":"Cross-Origin-Opener-Policy","value":"same-origin"},{"name":"Cross-Origin-Resource-Policy","value":"same-origin"},{"name":"Origin-Agent-Cluster","value":"?1"},{"name":"Referrer-Policy","value":"no-referrer"},{"name":"Strict-Transport-Security","value":"max-age=15552000; includeSubDomains"},{"name":"X-Content-Type-Options","value":"nosniff"},{"name":"X-DNS-Prefetch-Control","value":"off"},{"name":"X-Download-Options","value":"noopen"},{"name":"X-Frame-Options","value":"SAMEORIGIN"},{"name":"X-Permitted-Cross-Domain-Policies","value":"none"},{"name":"X-XSS-Protection","value":"0"},{"name":"Content-Type","value":"application/json; charset=utf-8"},{"name":"Content-Length","value":"611"},{"name":"ETag","value":"W/\"263-sog9yrMIVfqui4uilO4aDVaQ4NI\""},{"name":"Date","value":"Wed, 14 Jan 2026 13:38:57 GMT"},{"name":"Connection","value":"keep-alive"},{"name":"Keep-Alive","value":"timeout=5"}],"fetchUid":"4e7b97f6aafbd2c82f9e7a9e611526ac"}},"afterSnapshot":"after@call@271"}
{"type":"before","callId":"call@274","startTime":129657.499,"class":"APIRequestContext","method":"fetch","params":{"url":"http://localhost:3000/api/time-entries?employee_id=emp_q3WGXgczT8gssfCO","method":"GET","timeout":0},"stepId":"pw:api@29","beforeSnapshot":"before@call@274"}
{"type":"log","callId":"call@274","time":129658.243,"message":"→ GET http://localhost:3000/api/time-entries?employee_id=emp_q3WGXgczT8gssfCO"}
{"type":"log","callId":"call@274","time":129658.279,"message":"  user-agent: Playwright/1.57.0 (x64; windows 10.0) node/22.19"}
{"type":"log","callId":"call@274","time":129658.286,"message":"  accept: */*"}
{"type":"log","callId":"call@274","time":129658.291,"message":"  accept-encoding: gzip,deflate,br"}
{"type":"log","callId":"call@274","time":129662.835,"message":"← 200 OK"}
{"type":"log","callId":"call@274","time":129662.862,"message":"  cross-origin-opener-policy: same-origin"}
{"type":"log","callId":"call@274","time":129662.87,"message":"  cross-origin-resource-policy: same-origin"}
{"type":"log","callId":"call@274","time":129662.876,"message":"  origin-agent-cluster: ?1"}
{"type":"log","callId":"call@274","time":129662.883,"message":"  referrer-policy: no-referrer"}
{"type":"log","callId":"call@274","time":129662.888,"message":"  strict-transport-security: max-age=15552000; includeSubDomains"}
{"type":"log","callId":"call@274","time":129662.894,"message":"  x-content-type-options: nosniff"}
{"type":"log","callId":"call@274","time":129662.9,"message":"  x-dns-prefetch-control: off"}
{"type":"log","callId":"call@274","time":129662.906,"message":"  x-download-options: noopen"}
{"type":"log","callId":"call@274","time":129662.912,"message":"  x-frame-options: SAMEORIGIN"}
{"type":"log","callId":"call@274","time":129662.918,"message":"  x-permitted-cross-domain-policies: none"}
{"type":"log","callId":"call@274","time":129662.924,"message":"  x-xss-protection: 0"}
{"type":"log","callId":"call@274","time":129662.93,"message":"  content-type: application/json; charset=utf-8"}
{"type":"log","callId":"call@274","time":129662.936,"message":"  content-length: 1147"}
{"type":"log","callId":"call@274","time":129662.942,"message":"  etag: W/\"47b-Hz9+V1i1y5CbXWGv05io8+5R09I\""}
{"type":"log","callId":"call@274","time":129662.948,"message":"  date: Wed, 14 Jan 2026 13:38:57 GMT"}
{"type":"log","callId":"call@274","time":129662.954,"message":"  connection: keep-alive"}
{"type":"log","callId":"call@274","time":129662.96,"message":"  keep-alive: timeout=5"}
{"type":"after","callId":"call@274","endTime":129663.192,"result":{"response":{"url":"http://localhost:3000/api/time-entries?employee_id=emp_q3WGXgczT8gssfCO","status":200,"statusText":"OK","headers":[{"name":"Cross-Origin-Opener-Policy","value":"same-origin"},{"name":"Cross-Origin-Resource-Policy","value":"same-origin"},{"name":"Origin-Agent-Cluster","value":"?1"},{"name":"Referrer-Policy","value":"no-referrer"},{"name":"Strict-Transport-Security","value":"max-age=15552000; includeSubDomains"},{"name":"X-Content-Type-Options","value":"nosniff"},{"name":"X-DNS-Prefetch-Control","value":"off"},{"name":"X-Download-Options","value":"noopen"},{"name":"X-Frame-Options","value":"SAMEORIGIN"},{"name":"X-Permitted-Cross-Domain-Policies","value":"none"},{"name":"X-XSS-Protection","value":"0"},{"name":"Content-Type","value":"application/json; charset=utf-8"},{"name":"Content-Length","value":"1147"},{"name":"ETag","value":"W/\"47b-Hz9+V1i1y5CbXWGv05io8+5R09I\""},{"name":"Date","value":"Wed, 14 Jan 2026 13:38:57 GMT"},{"name":"Connection","value":"keep-alive"},{"name":"Keep-Alive","value":"timeout=5"}],"fetchUid":"2918081d35ebb42e291e5b57acb2fc93"}},"afterSnapshot":"after@call@274"}
