{"version":8,"type":"context-options","origin":"library","browserName":"","playwrightVersion":"1.57.0","options":{},"platform":"win32","wallTime":1768397937270,"monotonicTime":129494.029,"sdkLanguage":"javascript","contextId":"request-context@393e6f7422d525f5a57eeac4de188095","title":"labor-timekeeper.spec.cjs:128 › Labor Timekeeper - API Endpoints (No Auth) › POST /api/customers/find-or-create creates new customer"}
{"type":"before","callId":"call@252","startTime":129495.671,"class":"APIRequestContext","method":"fetch","params":{"url":"http://localhost:3000/api/customers/find-or-create","method":"POST","headers":[{"name":"Content-Type","value":"application/json"}],"jsonData":"{\"name\":\"API Test Customer 1768397937271\",\"address\":\"123 Test Street\"}","timeout":0},"stepId":"pw:api@28","beforeSnapshot":"before@call@252"}
{"type":"log","callId":"call@252","time":129497.189,"message":"→ POST http://localhost:3000/api/customers/find-or-create"}
{"type":"log","callId":"call@252","time":129497.206,"message":"  user-agent: Playwright/1.57.0 (x64; windows 10.0) node/22.19"}
{"type":"log","callId":"call@252","time":129497.212,"message":"  accept: */*"}
{"type":"log","callId":"call@252","time":129497.215,"message":"  accept-encoding: gzip,deflate,br"}
{"type":"log","callId":"call@252","time":129497.218,"message":"  Content-Type: application/json"}
{"type":"log","callId":"call@252","time":129497.221,"message":"  content-length: 70"}
{"type":"log","callId":"call@252","time":129518.756,"message":"← 200 OK"}
{"type":"log","callId":"call@252","time":129518.784,"message":"  cross-origin-opener-policy: same-origin"}
{"type":"log","callId":"call@252","time":129518.792,"message":"  cross-origin-resource-policy: same-origin"}
{"type":"log","callId":"call@252","time":129518.797,"message":"  origin-agent-cluster: ?1"}
{"type":"log","callId":"call@252","time":129518.802,"message":"  referrer-policy: no-referrer"}
{"type":"log","callId":"call@252","time":129518.806,"message":"  strict-transport-security: max-age=15552000; includeSubDomains"}
{"type":"log","callId":"call@252","time":129518.81,"message":"  x-content-type-options: nosniff"}
{"type":"log","callId":"call@252","time":129518.814,"message":"  x-dns-prefetch-control: off"}
{"type":"log","callId":"call@252","time":129518.818,"message":"  x-download-options: noopen"}
{"type":"log","callId":"call@252","time":129518.823,"message":"  x-frame-options: SAMEORIGIN"}
{"type":"log","callId":"call@252","time":129518.827,"message":"  x-permitted-cross-domain-policies: none"}
{"type":"log","callId":"call@252","time":129518.831,"message":"  x-xss-protection: 0"}
{"type":"log","callId":"call@252","time":129518.835,"message":"  content-type: application/json; charset=utf-8"}
{"type":"log","callId":"call@252","time":129518.839,"message":"  content-length: 172"}
{"type":"log","callId":"call@252","time":129518.842,"message":"  etag: W/\"ac-eWGIYuFd+j50duVW0/GxprI0N18\""}
{"type":"log","callId":"call@252","time":129518.846,"message":"  date: Wed, 14 Jan 2026 13:38:57 GMT"}
{"type":"log","callId":"call@252","time":129518.85,"message":"  connection: keep-alive"}
{"type":"log","callId":"call@252","time":129518.854,"message":"  keep-alive: timeout=5"}
{"type":"after","callId":"call@252","endTime":129519.013,"result":{"response":{"url":"http://localhost:3000/api/customers/find-or-create","status":200,"statusText":"OK","headers":[{"name":"Cross-Origin-Opener-Policy","value":"same-origin"},{"name":"Cross-Origin-Resource-Policy","value":"same-origin"},{"name":"Origin-Agent-Cluster","value":"?1"},{"name":"Referrer-Policy","value":"no-referrer"},{"name":"Strict-Transport-Security","value":"max-age=15552000; includeSubDomains"},{"name":"X-Content-Type-Options","value":"nosniff"},{"name":"X-DNS-Prefetch-Control","value":"off"},{"name":"X-Download-Options","value":"noopen"},{"name":"X-Frame-Options","value":"SAMEORIGIN"},{"name":"X-Permitted-Cross-Domain-Policies","value":"none"},{"name":"X-XSS-Protection","value":"0"},{"name":"Content-Type","value":"application/json; charset=utf-8"},{"name":"Content-Length","value":"172"},{"name":"ETag","value":"W/\"ac-eWGIYuFd+j50duVW0/GxprI0N18\""},{"name":"Date","value":"Wed, 14 Jan 2026 13:38:57 GMT"},{"name":"Connection","value":"keep-alive"},{"name":"Keep-Alive","value":"timeout=5"}],"fetchUid":"de5beef826ce694a19ffa517731591e4"}},"afterSnapshot":"after@call@252"}
