{"version":8,"type":"context-options","origin":"library","browserName":"","playwrightVersion":"1.57.0","options":{},"platform":"win32","wallTime":1768397937532,"monotonicTime":129755.401,"sdkLanguage":"javascript","contextId":"request-context@fab09ff5edb192c633d3d156f9125ffa","title":"labor-timekeeper.spec.cjs:161 › Labor Timekeeper - API Endpoints (No Auth) › GET /api/holidays returns holidays"}
{"type":"before","callId":"call@284","startTime":129757.899,"class":"APIRequestContext","method":"fetch","params":{"url":"http://localhost:3000/api/holidays?year=2026","method":"GET","timeout":0},"stepId":"pw:api@28","beforeSnapshot":"before@call@284"}
{"type":"log","callId":"call@284","time":129758.685,"message":"→ GET http://localhost:3000/api/holidays?year=2026"}
{"type":"log","callId":"call@284","time":129758.697,"message":"  user-agent: Playwright/1.57.0 (x64; windows 10.0) node/22.19"}
{"type":"log","callId":"call@284","time":129758.702,"message":"  accept: */*"}
{"type":"log","callId":"call@284","time":129758.706,"message":"  accept-encoding: gzip,deflate,br"}
{"type":"log","callId":"call@284","time":129762.672,"message":"← 200 OK"}
{"type":"log","callId":"call@284","time":129762.69,"message":"  cross-origin-opener-policy: same-origin"}
{"type":"log","callId":"call@284","time":129762.697,"message":"  cross-origin-resource-policy: same-origin"}
{"type":"log","callId":"call@284","time":129762.702,"message":"  origin-agent-cluster: ?1"}
{"type":"log","callId":"call@284","time":129762.707,"message":"  referrer-policy: no-referrer"}
{"type":"log","callId":"call@284","time":129762.713,"message":"  strict-transport-security: max-age=15552000; includeSubDomains"}
{"type":"log","callId":"call@284","time":129762.718,"message":"  x-content-type-options: nosniff"}
{"type":"log","callId":"call@284","time":129762.724,"message":"  x-dns-prefetch-control: off"}
{"type":"log","callId":"call@284","time":129762.729,"message":"  x-download-options: noopen"}
{"type":"log","callId":"call@284","time":129762.735,"message":"  x-frame-options: SAMEORIGIN"}
{"type":"log","callId":"call@284","time":129762.739,"message":"  x-permitted-cross-domain-policies: none"}
{"type":"log","callId":"call@284","time":129762.744,"message":"  x-xss-protection: 0"}
{"type":"log","callId":"call@284","time":129762.749,"message":"  content-type: application/json; charset=utf-8"}
{"type":"log","callId":"call@284","time":129762.754,"message":"  content-length: 300"}
{"type":"log","callId":"call@284","time":129762.76,"message":"  etag: W/\"12c-IdZ6Rq8GuBtfbGBKEYd7Qpjoq9o\""}
{"type":"log","callId":"call@284","time":129762.765,"message":"  date: Wed, 14 Jan 2026 13:38:57 GMT"}
{"type":"log","callId":"call@284","time":129762.77,"message":"  connection: keep-alive"}
{"type":"log","callId":"call@284","time":129762.775,"message":"  keep-alive: timeout=5"}
{"type":"after","callId":"call@284","endTime":129762.924,"result":{"response":{"url":"http://localhost:3000/api/holidays?year=2026","status":200,"statusText":"OK","headers":[{"name":"Cross-Origin-Opener-Policy","value":"same-origin"},{"name":"Cross-Origin-Resource-Policy","value":"same-origin"},{"name":"Origin-Agent-Cluster","value":"?1"},{"name":"Referrer-Policy","value":"no-referrer"},{"name":"Strict-Transport-Security","value":"max-age=15552000; includeSubDomains"},{"name":"X-Content-Type-Options","value":"nosniff"},{"name":"X-DNS-Prefetch-Control","value":"off"},{"name":"X-Download-Options","value":"noopen"},{"name":"X-Frame-Options","value":"SAMEORIGIN"},{"name":"X-Permitted-Cross-Domain-Policies","value":"none"},{"name":"X-XSS-Protection","value":"0"},{"name":"Content-Type","value":"application/json; charset=utf-8"},{"name":"Content-Length","value":"300"},{"name":"ETag","value":"W/\"12c-IdZ6Rq8GuBtfbGBKEYd7Qpjoq9o\""},{"name":"Date","value":"Wed, 14 Jan 2026 13:38:57 GMT"},{"name":"Connection","value":"keep-alive"},{"name":"Keep-Alive","value":"timeout=5"}],"fetchUid":"2c0ca5c70273c2b28cce9df432f7b198"}},"afterSnapshot":"after@call@284"}
