{"version":8,"type":"context-options","origin":"library","browserName":"","playwrightVersion":"1.57.0","options":{},"platform":"win32","wallTime":1768397937362,"monotonicTime":129585.574,"sdkLanguage":"javascript","contextId":"request-context@9751f4057059dbdc879344e48ddb46b1","title":"labor-timekeeper.spec.cjs:141 › Labor Timekeeper - API Endpoints (No Auth) › GET /api/time-entries requires employee_id"}
{"type":"before","callId":"call@262","startTime":129586.989,"class":"APIRequestContext","method":"fetch","params":{"url":"http://localhost:3000/api/time-entries","method":"GET","timeout":0},"stepId":"pw:api@28","beforeSnapshot":"before@call@262"}
{"type":"log","callId":"call@262","time":129587.734,"message":"→ GET http://localhost:3000/api/time-entries"}
{"type":"log","callId":"call@262","time":129587.747,"message":"  user-agent: Playwright/1.57.0 (x64; windows 10.0) node/22.19"}
{"type":"log","callId":"call@262","time":129587.751,"message":"  accept: */*"}
{"type":"log","callId":"call@262","time":129587.755,"message":"  accept-encoding: gzip,deflate,br"}
{"type":"log","callId":"call@262","time":129591.427,"message":"← 400 Bad Request"}
{"type":"log","callId":"call@262","time":129591.442,"message":"  cross-origin-opener-policy: same-origin"}
{"type":"log","callId":"call@262","time":129591.447,"message":"  cross-origin-resource-policy: same-origin"}
{"type":"log","callId":"call@262","time":129591.452,"message":"  origin-agent-cluster: ?1"}
{"type":"log","callId":"call@262","time":129591.456,"message":"  referrer-policy: no-referrer"}
{"type":"log","callId":"call@262","time":129591.46,"message":"  strict-transport-security: max-age=15552000; includeSubDomains"}
{"type":"log","callId":"call@262","time":129591.464,"message":"  x-content-type-options: nosniff"}
{"type":"log","callId":"call@262","time":129591.468,"message":"  x-dns-prefetch-control: off"}
{"type":"log","callId":"call@262","time":129591.472,"message":"  x-download-options: noopen"}
{"type":"log","callId":"call@262","time":129591.475,"message":"  x-frame-options: SAMEORIGIN"}
{"type":"log","callId":"call@262","time":129591.478,"message":"  x-permitted-cross-domain-policies: none"}
{"type":"log","callId":"call@262","time":129591.482,"message":"  x-xss-protection: 0"}
{"type":"log","callId":"call@262","time":129591.484,"message":"  content-type: application/json; charset=utf-8"}
{"type":"log","callId":"call@262","time":129591.488,"message":"  content-length: 32"}
{"type":"log","callId":"call@262","time":129591.491,"message":"  etag: W/\"20-ijIjfZDkwop5E92jF7ILdZfeBcI\""}
{"type":"log","callId":"call@262","time":129591.494,"message":"  date: Wed, 14 Jan 2026 13:38:57 GMT"}
{"type":"log","callId":"call@262","time":129591.497,"message":"  connection: keep-alive"}
{"type":"log","callId":"call@262","time":129591.5,"message":"  keep-alive: timeout=5"}
{"type":"after","callId":"call@262","endTime":129591.612,"result":{"response":{"url":"http://localhost:3000/api/time-entries","status":400,"statusText":"Bad Request","headers":[{"name":"Cross-Origin-Opener-Policy","value":"same-origin"},{"name":"Cross-Origin-Resource-Policy","value":"same-origin"},{"name":"Origin-Agent-Cluster","value":"?1"},{"name":"Referrer-Policy","value":"no-referrer"},{"name":"Strict-Transport-Security","value":"max-age=15552000; includeSubDomains"},{"name":"X-Content-Type-Options","value":"nosniff"},{"name":"X-DNS-Prefetch-Control","value":"off"},{"name":"X-Download-Options","value":"noopen"},{"name":"X-Frame-Options","value":"SAMEORIGIN"},{"name":"X-Permitted-Cross-Domain-Policies","value":"none"},{"name":"X-XSS-Protection","value":"0"},{"name":"Content-Type","value":"application/json; charset=utf-8"},{"name":"Content-Length","value":"32"},{"name":"ETag","value":"W/\"20-ijIjfZDkwop5E92jF7ILdZfeBcI\""},{"name":"Date","value":"Wed, 14 Jan 2026 13:38:57 GMT"},{"name":"Connection","value":"keep-alive"},{"name":"Keep-Alive","value":"timeout=5"}],"fetchUid":"02123c09a09e795f8624c2178fa09050"}},"afterSnapshot":"after@call@262"}
