{"version":8,"type":"context-options","origin":"library","browserName":"","playwrightVersion":"1.57.0","options":{},"platform":"win32","wallTime":1768397937202,"monotonicTime":129426.209,"sdkLanguage":"javascript","contextId":"request-context@7ed4fb2aee32aee9427207dc39e3ccf6","title":"labor-timekeeper.spec.cjs:120 › Labor Timekeeper - API Endpoints (No Auth) › GET /api/employees returns list"}
{"type":"before","callId":"call@242","startTime":129428.622,"class":"APIRequestContext","method":"fetch","params":{"url":"http://localhost:3000/api/employees","method":"GET","timeout":0},"stepId":"pw:api@28","beforeSnapshot":"before@call@242"}
{"type":"log","callId":"call@242","time":129429.861,"message":"→ GET http://localhost:3000/api/employees"}
{"type":"log","callId":"call@242","time":129429.884,"message":"  user-agent: Playwright/1.57.0 (x64; windows 10.0) node/22.19"}
{"type":"log","callId":"call@242","time":129429.892,"message":"  accept: */*"}
{"type":"log","callId":"call@242","time":129429.897,"message":"  accept-encoding: gzip,deflate,br"}
{"type":"log","callId":"call@242","time":129435.417,"message":"← 200 OK"}
{"type":"log","callId":"call@242","time":129435.474,"message":"  cross-origin-opener-policy: same-origin"}
{"type":"log","callId":"call@242","time":129435.485,"message":"  cross-origin-resource-policy: same-origin"}
{"type":"log","callId":"call@242","time":129435.492,"message":"  origin-agent-cluster: ?1"}
{"type":"log","callId":"call@242","time":129435.499,"message":"  referrer-policy: no-referrer"}
{"type":"log","callId":"call@242","time":129435.507,"message":"  strict-transport-security: max-age=15552000; includeSubDomains"}
{"type":"log","callId":"call@242","time":129435.516,"message":"  x-content-type-options: nosniff"}
{"type":"log","callId":"call@242","time":129435.522,"message":"  x-dns-prefetch-control: off"}
{"type":"log","callId":"call@242","time":129435.529,"message":"  x-download-options: noopen"}
{"type":"log","callId":"call@242","time":129435.535,"message":"  x-frame-options: SAMEORIGIN"}
{"type":"log","callId":"call@242","time":129435.541,"message":"  x-permitted-cross-domain-policies: none"}
{"type":"log","callId":"call@242","time":129435.547,"message":"  x-xss-protection: 0"}
{"type":"log","callId":"call@242","time":129435.554,"message":"  content-type: application/json; charset=utf-8"}
{"type":"log","callId":"call@242","time":129435.56,"message":"  content-length: 611"}
{"type":"log","callId":"call@242","time":129435.567,"message":"  etag: W/\"263-sog9yrMIVfqui4uilO4aDVaQ4NI\""}
{"type":"log","callId":"call@242","time":129435.573,"message":"  date: Wed, 14 Jan 2026 13:38:57 GMT"}
{"type":"log","callId":"call@242","time":129435.58,"message":"  connection: keep-alive"}
{"type":"log","callId":"call@242","time":129435.586,"message":"  keep-alive: timeout=5"}
{"type":"after","callId":"call@242","endTime":129435.796,"result":{"response":{"url":"http://localhost:3000/api/employees","status":200,"statusText":"OK","headers":[{"name":"Cross-Origin-Opener-Policy","value":"same-origin"},{"name":"Cross-Origin-Resource-Policy","value":"same-origin"},{"name":"Origin-Agent-Cluster","value":"?1"},{"name":"Referrer-Policy","value":"no-referrer"},{"name":"Strict-Transport-Security","value":"max-age=15552000; includeSubDomains"},{"name":"X-Content-Type-Options","value":"nosniff"},{"name":"X-DNS-Prefetch-Control","value":"off"},{"name":"X-Download-Options","value":"noopen"},{"name":"X-Frame-Options","value":"SAMEORIGIN"},{"name":"X-Permitted-Cross-Domain-Policies","value":"none"},{"name":"X-XSS-Protection","value":"0"},{"name":"Content-Type","value":"application/json; charset=utf-8"},{"name":"Content-Length","value":"611"},{"name":"ETag","value":"W/\"263-sog9yrMIVfqui4uilO4aDVaQ4NI\""},{"name":"Date","value":"Wed, 14 Jan 2026 13:38:57 GMT"},{"name":"Connection","value":"keep-alive"},{"name":"Keep-Alive","value":"timeout=5"}],"fetchUid":"9bfe4db3316da3d0b0cf89b4e97a5ba3"}},"afterSnapshot":"after@call@242"}
